<?xml version="1.0" encoding="UTF-8" ?>
<testsuite errors="1" failures="2" hostname="AngelJr" name="ec.edu.espe.Products.model.NewProductTest" skipped="0" tests="3" time="11.283" timestamp="2022-02-14T21:46:43">
  <properties>
    <property name="" value="======" />
    <property name="libs.spring-framework300.classpath" value="C:\Program Files\NetBeans-12.5\netbeans\platform\modules\org-apache-commons-logging.jar;C:\Program Files\NetBeans-12.5\netbeans\java\modules\ext\cglib-2.2.jar;C:\Program Files\NetBeans-12.5\netbeans\java\modules\ext\spring-3.0\spring-aop-3.2.18.RELEASE.jar;C:\Program Files\NetBeans-12.5\netbeans\java\modules\ext\spring-3.0\spring-aspects-3.2.18.RELEASE.jar;C:\Program Files\NetBeans-12.5\netbeans\java\modules\ext\spring-3.0\spring-beans-3.2.18.RELEASE.jar;C:\Program Files\NetBeans-12.5\netbeans\java\modules\ext\spring-3.0\spring-context-3.2.18.RELEASE.jar;C:\Program Files\NetBeans-12.5\netbeans\java\modules\ext\spring-3.0\spring-context-support-3.2.18.RELEASE.jar;C:\Program Files\NetBeans-12.5\netbeans\java\modules\ext\spring-3.0\spring-core-3.2.18.RELEASE.jar;C:\Program Files\NetBeans-12.5\netbeans\java\modules\ext\spring-3.0\spring-expression-3.2.18.RELEASE.jar;C:\Program Files\NetBeans-12.5\netbeans\java\modules\ext\spring-3.0\spring-instrument-3.2.18.RELEASE.jar;C:\Program Files\NetBeans-12.5\netbeans\java\modules\ext\spring-3.0\spring-instrument-tomcat-3.2.18.RELEASE.jar;C:\Program Files\NetBeans-12.5\netbeans\java\modules\ext\spring-3.0\spring-jdbc-3.2.18.RELEASE.jar;C:\Program Files\NetBeans-12.5\netbeans\java\modules\ext\spring-3.0\spring-jms-3.2.18.RELEASE.jar;C:\Program Files\NetBeans-12.5\netbeans\java\modules\ext\spring-3.0\spring-orm-3.2.18.RELEASE.jar;C:\Program Files\NetBeans-12.5\netbeans\java\modules\ext\spring-3.0\spring-oxm-3.2.18.RELEASE.jar;C:\Program Files\NetBeans-12.5\netbeans\java\modules\ext\spring-3.0\spring-struts-3.2.18.RELEASE.jar;C:\Program Files\NetBeans-12.5\netbeans\java\modules\ext\spring-3.0\spring-test-3.2.18.RELEASE.jar;C:\Program Files\NetBeans-12.5\netbeans\java\modules\ext\spring-3.0\spring-tx-3.2.18.RELEASE.jar;C:\Program Files\NetBeans-12.5\netbeans\java\modules\ext\spring-3.0\spring-web-3.2.18.RELEASE.jar;C:\Program Files\NetBeans-12.5\netbeans\java\modules\ext\spring-3.0\spring-webmvc-3.2.18.RELEASE.jar;C:\Program Files\NetBeans-12.5\netbeans\java\modules\ext\spring-3.0\spring-webmvc-portlet-3.2.18.RELEASE.jar" />
    <property name="javac.test.classpath" value="C:\Users\Casa\Desktop\Capeta de OOP\ESPE202110-OOP-7490\assignments\guamana\unit2\HW14-MongolDb CRUD Operation\ContactsBook\lib\jcalendar-1.4.jar:C:\Users\Casa\Desktop\Capeta de OOP\ESPE202110-OOP-7490\assignments\guamana\unit2\HW14-MongolDb CRUD Operation\ContactsBook\lib\mongo-java-driver-3.12.9.jar:C:\Users\Casa\Desktop\Capeta de OOP\ESPE202110-OOP-7490\workshops\guamana\unit3\WS33-UnitTest\mathOperations1\lib\hamcrest-2.2.jar:build/classes:C:\Program Files\NetBeans-12.5\netbeans\platform\modules\ext\junit-jupiter-api-5.6.0.jar;C:\Program Files\NetBeans-12.5\netbeans\platform\modules\ext\junit-jupiter-params-5.6.0.jar;C:\Program Files\NetBeans-12.5\netbeans\platform\modules\ext\junit-jupiter-engine-5.6.0.jar:C:\Program Files\NetBeans-12.5\netbeans\platform\modules\ext\junit-4.13.2.jar" />
    <property name="java.specification.version" value="17" />
    <property name="libs.spring-framework500.classpath" value="C:\Program Files\NetBeans-12.5\netbeans\platform\modules\org-apache-commons-logging.jar;C:\Program Files\NetBeans-12.5\netbeans\java\modules\ext\cglib-2.2.jar;C:\Program Files\NetBeans-12.5\netbeans\java\modules\ext\spring-5\spring-aop-5.2.9.RELEASE.jar;C:\Program Files\NetBeans-12.5\netbeans\java\modules\ext\spring-5\spring-aspects-5.2.9.RELEASE.jar;C:\Program Files\NetBeans-12.5\netbeans\java\modules\ext\spring-5\spring-beans-5.2.9.RELEASE.jar;C:\Program Files\NetBeans-12.5\netbeans\java\modules\ext\spring-5\spring-context-5.2.9.RELEASE.jar;C:\Program Files\NetBeans-12.5\netbeans\java\modules\ext\spring-5\spring-context-indexer-5.2.9.RELEASE.jar;C:\Program Files\NetBeans-12.5\netbeans\java\modules\ext\spring-5\spring-context-support-5.2.9.RELEASE.jar;C:\Program Files\NetBeans-12.5\netbeans\java\modules\ext\spring-5\spring-core-5.2.9.RELEASE.jar;C:\Program Files\NetBeans-12.5\netbeans\java\modules\ext\spring-5\spring-expression-5.2.9.RELEASE.jar;C:\Program Files\NetBeans-12.5\netbeans\java\modules\ext\spring-5\spring-instrument-5.2.9.RELEASE.jar;C:\Program Files\NetBeans-12.5\netbeans\java\modules\ext\spring-5\spring-jcl-5.2.9.RELEASE.jar;C:\Program Files\NetBeans-12.5\netbeans\java\modules\ext\spring-5\spring-jdbc-5.2.9.RELEASE.jar;C:\Program Files\NetBeans-12.5\netbeans\java\modules\ext\spring-5\spring-jms-5.2.9.RELEASE.jar;C:\Program Files\NetBeans-12.5\netbeans\java\modules\ext\spring-5\spring-messaging-5.2.9.RELEASE.jar;C:\Program Files\NetBeans-12.5\netbeans\java\modules\ext\spring-5\spring-orm-5.2.9.RELEASE.jar;C:\Program Files\NetBeans-12.5\netbeans\java\modules\ext\spring-5\spring-oxm-5.2.9.RELEASE.jar;C:\Program Files\NetBeans-12.5\netbeans\java\modules\ext\spring-5\spring-test-5.2.9.RELEASE.jar;C:\Program Files\NetBeans-12.5\netbeans\java\modules\ext\spring-5\spring-tx-5.2.9.RELEASE.jar;C:\Program Files\NetBeans-12.5\netbeans\java\modules\ext\spring-5\spring-web-5.2.9.RELEASE.jar;C:\Program Files\NetBeans-12.5\netbeans\java\modules\ext\spring-5\spring-webflux-5.2.9.RELEASE.jar;C:\Program Files\NetBeans-12.5\netbeans\java\modules\ext\spring-5\spring-webmvc-5.2.9.RELEASE.jar;C:\Program Files\NetBeans-12.5\netbeans\java\modules\ext\spring-5\spring-websocket-5.2.9.RELEASE.jar" />
    <property name="jar.index.metainf" value="false" />
    <property name="libs.spring-webmvc4.0.javadoc" value="" />
    <property name="libs.spring-framework400.classpath" value="C:\Program Files\NetBeans-12.5\netbeans\platform\modules\org-apache-commons-logging.jar;C:\Program Files\NetBeans-12.5\netbeans\java\modules\ext\cglib-2.2.jar;C:\Program Files\NetBeans-12.5\netbeans\java\modules\ext\spring-4\spring-aop-4.3.29.RELEASE.jar;C:\Program Files\NetBeans-12.5\netbeans\java\modules\ext\spring-4\spring-aspects-4.3.29.RELEASE.jar;C:\Program Files\NetBeans-12.5\netbeans\java\modules\ext\spring-4\spring-beans-4.3.29.RELEASE.jar;C:\Program Files\NetBeans-12.5\netbeans\java\modules\ext\spring-4\spring-context-4.3.29.RELEASE.jar;C:\Program Files\NetBeans-12.5\netbeans\java\modules\ext\spring-4\spring-context-support-4.3.29.RELEASE.jar;C:\Program Files\NetBeans-12.5\netbeans\java\modules\ext\spring-4\spring-core-4.3.29.RELEASE.jar;C:\Program Files\NetBeans-12.5\netbeans\java\modules\ext\spring-4\spring-expression-4.3.29.RELEASE.jar;C:\Program Files\NetBeans-12.5\netbeans\java\modules\ext\spring-4\spring-instrument-4.3.29.RELEASE.jar;C:\Program Files\NetBeans-12.5\netbeans\java\modules\ext\spring-4\spring-instrument-tomcat-4.3.29.RELEASE.jar;C:\Program Files\NetBeans-12.5\netbeans\java\modules\ext\spring-4\spring-jdbc-4.3.29.RELEASE.jar;C:\Program Files\NetBeans-12.5\netbeans\java\modules\ext\spring-4\spring-jms-4.3.29.RELEASE.jar;C:\Program Files\NetBeans-12.5\netbeans\java\modules\ext\spring-4\spring-messaging-4.3.29.RELEASE.jar;C:\Program Files\NetBeans-12.5\netbeans\java\modules\ext\spring-4\spring-orm-4.3.29.RELEASE.jar;C:\Program Files\NetBeans-12.5\netbeans\java\modules\ext\spring-4\spring-oxm-4.3.29.RELEASE.jar;C:\Program Files\NetBeans-12.5\netbeans\java\modules\ext\spring-4\spring-test-4.3.29.RELEASE.jar;C:\Program Files\NetBeans-12.5\netbeans\java\modules\ext\spring-4\spring-tx-4.3.29.RELEASE.jar;C:\Program Files\NetBeans-12.5\netbeans\java\modules\ext\spring-4\spring-web-4.3.29.RELEASE.jar;C:\Program Files\NetBeans-12.5\netbeans\java\modules\ext\spring-4\spring-webmvc-4.3.29.RELEASE.jar;C:\Program Files\NetBeans-12.5\netbeans\java\modules\ext\spring-4\spring-webmvc-portlet-4.3.29.RELEASE.jar;C:\Program Files\NetBeans-12.5\netbeans\java\modules\ext\spring-4\spring-websocket-4.3.29.RELEASE.jar" />
    <property name="test.binaryincludes" value="&lt;nothing&gt;" />
    <property name="debug-transport" value="dt_shmem" />
    <property name="libs.javaee-web-api-8.0.src" value="" />
    <property name="java.vendor.url" value="https://java.oracle.com/" />
    <property name="debug.modulepath" value="" />
    <property name="libs.eclipselink.javadoc" value="C:\Program Files\NetBeans-12.5\netbeans\java\modules\ext\docs\javax.persistence-2.2.1-doc.zip" />
    <property name="libs.jsp-compilation.src" value="" />
    <property name="libs.JWSAntTasks.javadoc" value="" />
    <property name="sun.boot.library.path" value="C:\Program Files\Java\jdk-17.0.1\bin" />
    <property name="sun.java.command" value="org.apache.tools.ant.taskdefs.optional.junit.JUnitTestRunner ec.edu.espe.Products.model.NewProductTest skipNonTests=false filtertrace=true haltOnError=false haltOnFailure=false showoutput=true outputtoformatters=true logfailedtests=true threadid=0 logtestlistenerevents=true formatter=org.apache.tools.ant.taskdefs.optional.junit.BriefJUnitResultFormatter formatter=org.apache.tools.ant.taskdefs.optional.junit.XMLJUnitResultFormatter,C:\Users\Casa\Desktop\Nueva carpeta (4)\InventaryShop2\InventaryShop2\build\test\results\TEST-ec.edu.espe.Products.model.NewProductTest.xml crashfile=C:\Users\Casa\Desktop\Nueva carpeta (4)\InventaryShop2\InventaryShop2\build\junitvmwatcher14412870239249340725.properties propsfile=C:\Users\Casa\Desktop\Nueva carpeta (4)\InventaryShop2\InventaryShop2\build\junit12403164429676384988.properties" />
    <property name="jdk.debug" value="release" />
    <property name="libs.spring-framework300.src" value="" />
    <property name="javadoc.use" value="true" />
    <property name="javadoc.notree" value="false" />
    <property name="basedir" value="C:\Users\Casa\Desktop\Nueva carpeta (4)\InventaryShop2\InventaryShop2" />
    <property name="application.vendor" value="JaimeEivar" />
    <property name="java.vm.specification.vendor" value="Oracle Corporation" />
    <property name="java.specification.name" value="Java Platform API Specification" />
    <property name="libs.jsf20.classpath" value="C:\Program Files\NetBeans-12.5\netbeans\enterprise\modules\ext\jsf-2_2\javax.faces.jar" />
    <property name="libs.Conexion.classpath" value="C:\Users\Casa\Downloads\mongo-java-driver-2.14.3.jar" />
    <property name="netbeans.extbrowser.manual_chrome_plugin_install" value="yes" />
    <property name="netbeans.default_userdir_root" value="C:\Users\Casa\AppData\Roaming\NetBeans" />
    <property name="libs.spring-framework500.javadoc" value="" />
    <property name="libs.jsp-compilation-syscp.src" value="" />
    <property name="jdk.home" value="C:\Program Files\Java\jdk-17.0.1" />
    <property name="java.runtime.version" value="17.0.1+12-LTS-39" />
    <property name="libs.eclipselink.maven-pom" value="" />
    <property name="libs.metro.maven-pom" value="" />
    <property name="libs.JAXB-ENDORSED.javadoc" value="" />
    <property name="sun.java2d.noddraw" value="true" />
    <property name="sun.zip.disableMemoryMapping" value="true" />
    <property name="jnidispatch.path" value="C:\Users\Casa\AppData\Local\Temp\jna-2092876\jna1183456266776235831.dll" />
    <property name="libs.jsf12.src" value="" />
    <property name="libs.jsp-compilation.javadoc" value="" />
    <property name="libs.primefaces.javadoc" value="" />
    <property name="libs.groovy-all.maven-pom" value="" />
    <property name="libs.restapi.src" value="" />
    <property name="libs.junit_5.javadoc" value="C:\Program Files\NetBeans-12.5\netbeans\platform\docs\junit-jupiter-api-5.6.0-javadoc.jar;C:\Program Files\NetBeans-12.5\netbeans\platform\docs\junit-jupiter-params-5.6.0-javadoc.jar;C:\Program Files\NetBeans-12.5\netbeans\platform\docs\junit-jupiter-engine-5.6.0-javadoc.jar" />
    <property name="dist.archive.excludes" value="" />
    <property name="java.io.tmpdir" value="C:\Users\Casa\AppData\Local\Temp\" />
    <property name="java.version" value="17.0.1" />
    <property name="libs.jakartaee-api-8.0.javadoc" value="C:\Program Files\NetBeans-12.5\netbeans\enterprise\docs\jakartaee8-doc-api.jar" />
    <property name="java.vm.specification.name" value="Java Virtual Machine Specification" />
    <property name="file.reference.mongo-java-driver-3.12.9.jar" value="../../libreria/mongo-java-driver-3.12.9.jar" />
    <property name="native.encoding" value="Cp1252" />
    <property name="libs.hamcrest.src" value="" />
    <property name="java.library.path" value="C:\Program Files\Java\jdk-17.0.1\bin;C:\Windows\Sun\Java\bin;C:\Windows\system32;C:\Windows;C:\Program Files\Common Files\Oracle\Java\javapath;C:\Program Files (x86)\Common Files\Oracle\Java\javapath;C:\Program Files (x86)\Intel\iCLS Client\;C:\Program Files\Intel\iCLS Client\;C:\Windows\system32;C:\Windows;C:\Windows\System32\Wbem;C:\Windows\System32\WindowsPowerShell\v1.0\;C:\Windows\System32\OpenSSH\;C:\Program Files\Intel\Intel(R) Management Engine Components\DAL;C:\Program Files\Intel\Intel(R) Management Engine Components\IPT;C:\Program Files (x86)\Intel\Intel(R) Management Engine Components\DAL;C:\Program Files (x86)\Intel\Intel(R) Management Engine Components\IPT;C:\Program Files (x86)\HP\Common\HPDestPlgIn\;C:\Users\Casa\AppData\Local\Microsoft\WindowsApps;C:\adb;C:\Program Files\Java\jdk-17.0.1\bin;C:\Program Files\Git\cmd;C:\Users\Casa\Desktop\comgondb compas;C:\Users\Casa\AppData\Local\Microsoft\WindowsApps;C:\Program Files (x86)\HP\Common\HPDestPlgIn\;C:\Users\Casa\AppData\Local\Programs\mongosh\;." />
    <property name="java.vendor" value="Oracle Corporation" />
    <property name="libs.testng.javadoc" value="C:\Program Files\NetBeans-12.5\netbeans\platform\docs\testng-6.13.1-javadoc.jar" />
    <property name="libs.groovy-all.src" value="" />
    <property name="meta.inf.dir" value="src/META-INF" />
    <property name="run.upgrademodulepath" value="" />
    <property name="jlink.additionalparam" value="" />
    <property name="libs.testng.maven-pom" value="" />
    <property name="org.openide.version" value="deprecated" />
    <property name="test.includes" value="ec/edu/espe/Products/model/NewProductTest.java" />
    <property name="run.classpath" value="C:\Users\Casa\Desktop\Capeta de OOP\ESPE202110-OOP-7490\assignments\guamana\unit2\HW14-MongolDb CRUD Operation\ContactsBook\lib\jcalendar-1.4.jar:C:\Users\Casa\Desktop\Capeta de OOP\ESPE202110-OOP-7490\assignments\guamana\unit2\HW14-MongolDb CRUD Operation\ContactsBook\lib\mongo-java-driver-3.12.9.jar:C:\Users\Casa\Desktop\Capeta de OOP\ESPE202110-OOP-7490\workshops\guamana\unit3\WS33-UnitTest\mathOperations1\lib\hamcrest-2.2.jar:build/classes" />
    <property name="libs.jaxb.src" value="" />
    <property name="test.src.dir" value="test" />
    <property name="sun.awt.enableExtraMouseButtons" value="true" />
    <property name="org.openide.major.version" value="IDE/1" />
    <property name="libs.spring-framework300.javadoc" value="" />
    <property name="ap.proc.none.internal" value="" />
    <property name="org.openide.specification.version" value="6.2" />
    <property name="user.timezone" value="America/Guayaquil" />
    <property name="jar.index" value="false" />
    <property name="libs.jpa20-persistence.classpath" value="C:\Program Files\NetBeans-12.5\netbeans\java\modules\ext\eclipselink\javax.persistence-2.2.1.jar" />
    <property name="libs.eclipselinkmodelgen.javadoc" value="" />
    <property name="libs.junit_5.classpath" value="C:\Program Files\NetBeans-12.5\netbeans\platform\modules\ext\junit-jupiter-api-5.6.0.jar;C:\Program Files\NetBeans-12.5\netbeans\platform\modules\ext\junit-jupiter-params-5.6.0.jar;C:\Program Files\NetBeans-12.5\netbeans\platform\modules\ext\junit-jupiter-engine-5.6.0.jar" />
    <property name="java.vm.specification.version" value="17" />
    <property name="javadoc.noindex" value="false" />
    <property name="libs.MyLibrary.maven-pom" value="" />
    <property name="javadoc.private" value="false" />
    <property name="libs.spring-webmvc4.0.maven-pom" value="" />
    <property name="ant.file.type.InventaryShop2-impl" value="file" />
    <property name="libs.JAXB-ENDORSED.maven-pom" value="" />
    <property name="user.home" value="C:\Users\Casa" />
    <property name="libs.eclipselinkmodelgen.maven-pom" value="" />
    <property name="have.sources" value="true" />
    <property name="annotation.processing.processors.list" value="" />
    <property name="javac.deprecation" value="false" />
    <property name="jlink.launcher" value="true" />
    <property name="build.generated.sources.dir" value="build/generated-sources" />
    <property name="plugin.manager.check.updates" value="false" />
    <property name="netbeans.autoupdate.language" value="es" />
    <property name="libs.eclipselinkmodelgen.src" value="" />
    <property name="build.compiler.emacs" value="true" />
    <property name="build.classes.excludes" value="**/*.java,**/*.form" />
    <property name="dist.jar" value="dist/InventaryShop2.jar" />
    <property name="libs.jakartaee-web-api-9.0.classpath" value="C:\Program Files\NetBeans-12.5\netbeans\enterprise\modules\ext\jakarta.jakartaee-web-api-9.0.0.jar" />
    <property name="libs.spring-webmvc4.0.classpath" value="C:\Program Files\NetBeans-12.5\netbeans\java\modules\ext\spring-4\spring-webmvc-4.3.29.RELEASE.jar" />
    <property name="modules.supported.internal" value="true" />
    <property name="libs.javaee-endorsed-api-7.0.javadoc" value="C:\Program Files\NetBeans-12.5\netbeans\enterprise\docs\javaee-doc-api.jar" />
    <property name="os.version" value="10.0" />
    <property name="netbeans.home" value="C:\Program Files\NetBeans-12.5\netbeans\platform" />
    <property name="libs.CopyLibs.javadoc" value="" />
    <property name="debug-transport-by-os" value="dt_shmem" />
    <property name="libs.javaee-api-8.0.javadoc" value="C:\Program Files\NetBeans-12.5\netbeans\enterprise\docs\javaee-doc-api.jar" />
    <property name="libs.jsf20.src" value="" />
    <property name="java.vm.name" value="Java HotSpot(TM) 64-Bit Server VM" />
    <property name="unnamed.module.internal" value="true" />
    <property name="libs.jstl.javadoc" value="C:\Program Files\NetBeans-12.5\netbeans\enterprise\docs\javaee-doc-api.jar" />
    <property name="libs.javaee-endorsed-api-7.0.maven-pom" value="" />
    <property name="ant.file.InventaryShop2-impl" value="C:\Users\Casa\Desktop\Nueva carpeta (4)\InventaryShop2\InventaryShop2\nbproject\build-impl.xml" />
    <property name="libs.jaxws21.classpath" value="C:\Program Files\NetBeans-12.5\netbeans\ide\modules\ext\jaxb\jaxb-impl.jar;C:\Program Files\NetBeans-12.5\netbeans\ide\modules\ext\jaxb\jaxb-xjc.jar;C:\Program Files\NetBeans-12.5\netbeans\java\modules\ext\jaxws22\FastInfoset.jar;C:\Program Files\NetBeans-12.5\netbeans\java\modules\ext\jaxws22\gmbal-api-only.jar;C:\Program Files\NetBeans-12.5\netbeans\java\modules\ext\jaxws22\ha-api.jar;C:\Program Files\NetBeans-12.5\netbeans\java\modules\ext\jaxws22\javax.mail_1.4.jar;C:\Program Files\NetBeans-12.5\netbeans\java\modules\ext\jaxws22\jaxws-rt.jar;C:\Program Files\NetBeans-12.5\netbeans\java\modules\ext\jaxws22\jaxws-tools.jar;C:\Program Files\NetBeans-12.5\netbeans\java\modules\ext\jaxws22\management-api.jar;C:\Program Files\NetBeans-12.5\netbeans\java\modules\ext\jaxws22\mimepull.jar;C:\Program Files\NetBeans-12.5\netbeans\java\modules\ext\jaxws22\policy.jar;C:\Program Files\NetBeans-12.5\netbeans\java\modules\ext\jaxws22\saaj-impl.jar;C:\Program Files\NetBeans-12.5\netbeans\java\modules\ext\jaxws22\stax-ex.jar;C:\Program Files\NetBeans-12.5\netbeans\java\modules\ext\jaxws22\stax2-api.jar;C:\Program Files\NetBeans-12.5\netbeans\java\modules\ext\jaxws22\streambuffer.jar;C:\Program Files\NetBeans-12.5\netbeans\java\modules\ext\jaxws22\woodstox-core-asl.jar;C:\Program Files\NetBeans-12.5\netbeans\java\modules\ext\jaxws22\api\jaxws-api.jar;C:\Program Files\NetBeans-12.5\netbeans\java\modules\ext\jaxws22\api\jsr181-api.jar;C:\Program Files\NetBeans-12.5\netbeans\java\modules\ext\jaxws22\api\javax.annotation.jar;C:\Program Files\NetBeans-12.5\netbeans\java\modules\ext\jaxws22\api\saaj-api.jar;C:\Program Files\NetBeans-12.5\netbeans\ide\modules\ext\jaxb\activation.jar;C:\Program Files\NetBeans-12.5\netbeans\ide\modules\ext\jaxb\api\jaxb-api.jar" />
    <property name="libs.restapi.classpath" value="C:\Program Files\NetBeans-12.5\netbeans\enterprise\modules\ext\jaxrs-2.1\jakarta.ws.rs-api-2.1.6.jar" />
    <property name="os.arch" value="amd64" />
    <property name="build.generated.dir" value="build/generated" />
    <property name="libs.groovy-all.javadoc" value="" />
    <property name="libs.jakartaee-api-8.0.classpath" value="C:\Program Files\NetBeans-12.5\netbeans\enterprise\modules\ext\jakarta.jakartaee-api-8.0.0.jar" />
    <property name="libs.javaee-web-api-7.0.javadoc" value="C:\Program Files\NetBeans-12.5\netbeans\enterprise\docs\javaee-doc-api.jar" />
    <property name="libs.javaee-endorsed-api-6.0.src" value="" />
    <property name="libs.jsf12.maven-pom" value="" />
    <property name="libs.javaee-endorsed-api-7.0.classpath" value="C:\Program Files\NetBeans-12.5\netbeans\enterprise\modules\ext\javaee7-endorsed\javax.annotation-api.jar;C:\Program Files\NetBeans-12.5\netbeans\enterprise\modules\ext\javaee7-endorsed\javax.xml.soap-api.jar;C:\Program Files\NetBeans-12.5\netbeans\enterprise\modules\ext\javaee7-endorsed\jaxb-api-osgi.jar;C:\Program Files\NetBeans-12.5\netbeans\enterprise\modules\ext\javaee7-endorsed\jaxws-api.jar;C:\Program Files\NetBeans-12.5\netbeans\enterprise\modules\ext\javaee7-endorsed\jsr181-api.jar" />
    <property name="org.netbeans.io.suspend" value="0" />
    <property name="libs.primefaces.maven-pom" value="" />
    <property name="ant.project.name" value="InventaryShop2" />
    <property name="dist.javadoc.dir" value="dist/javadoc" />
    <property name="default.javac.target" value="17" />
    <property name="javac.fork" value="true" />
    <property name="libs.eclipselink.classpath" value="C:\Program Files\NetBeans-12.5\netbeans\java\modules\ext\eclipselink\org.eclipse.persistence.core-2.7.7.jar;C:\Program Files\NetBeans-12.5\netbeans\java\modules\ext\eclipselink\org.eclipse.persistence.asm-2.7.7.jar;C:\Program Files\NetBeans-12.5\netbeans\java\modules\ext\eclipselink\org.eclipse.persistence.antlr-2.7.7.jar;C:\Program Files\NetBeans-12.5\netbeans\java\modules\ext\eclipselink\org.eclipse.persistence.jpa-2.7.7.jar;C:\Program Files\NetBeans-12.5\netbeans\java\modules\ext\eclipselink\org.eclipse.persistence.jpa.jpql-2.7.7.jar;C:\Program Files\NetBeans-12.5\netbeans\java\modules\ext\eclipselink\org.eclipse.persistence.moxy-2.7.7.jar;C:\Program Files\NetBeans-12.5\netbeans\java\modules\ext\eclipselink\javax.persistence-2.2.1.jar" />
    <property name="libs.struts.classpath" value="C:\Program Files\NetBeans-12.5\netbeans\enterprise\modules\ext\struts\antlr-2.7.2.jar;C:\Program Files\NetBeans-12.5\netbeans\enterprise\modules\ext\struts\bsf-2.3.0.jar;C:\Program Files\NetBeans-12.5\netbeans\enterprise\modules\ext\struts\commons-beanutils-1.8.0.jar;C:\Program Files\NetBeans-12.5\netbeans\enterprise\modules\ext\struts\commons-chain-1.2.jar;C:\Program Files\NetBeans-12.5\netbeans\enterprise\modules\ext\struts\commons-digester-1.8.jar;C:\Program Files\NetBeans-12.5\netbeans\enterprise\modules\ext\struts\commons-fileupload-1.1.1.jar;C:\Program Files\NetBeans-12.5\netbeans\enterprise\modules\ext\struts\commons-io-1.1.jar;C:\Program Files\NetBeans-12.5\netbeans\enterprise\modules\ext\struts\commons-logging-1.0.4.jar;C:\Program Files\NetBeans-12.5\netbeans\enterprise\modules\ext\struts\commons-validator-1.3.1.jar;C:\Program Files\NetBeans-12.5\netbeans\enterprise\modules\ext\struts\jstl-1.0.2.jar;C:\Program Files\NetBeans-12.5\netbeans\enterprise\modules\ext\struts\oro-2.0.8.jar;C:\Program Files\NetBeans-12.5\netbeans\enterprise\modules\ext\struts\standard-1.0.6.jar;C:\Program Files\NetBeans-12.5\netbeans\enterprise\modules\ext\struts\struts-core-1.3.10.jar;C:\Program Files\NetBeans-12.5\netbeans\enterprise\modules\ext\struts\struts-el-1.3.10.jar;C:\Program Files\NetBeans-12.5\netbeans\enterprise\modules\ext\struts\struts-extras-1.3.10.jar;C:\Program Files\NetBeans-12.5\netbeans\enterprise\modules\ext\struts\struts-faces-1.3.10.jar;C:\Program Files\NetBeans-12.5\netbeans\enterprise\modules\ext\struts\struts-mailreader-dao-1.3.10.jar;C:\Program Files\NetBeans-12.5\netbeans\enterprise\modules\ext\struts\struts-scripting-1.3.10.jar;C:\Program Files\NetBeans-12.5\netbeans\enterprise\modules\ext\struts\struts-taglib-1.3.10.jar;C:\Program Files\NetBeans-12.5\netbeans\enterprise\modules\ext\struts\struts-tiles-1.3.10.jar" />
    <property name="libs.MyLibrary.javadoc" value="" />
    <property name="libs.PostgreSQLDriver.maven-pom" value="" />
    <property name="libs.absolutelayout.src" value="" />
    <property name="testng.mode" value="testng" />
    <property name="annotation.processing.enabled.in.editor" value="false" />
    <property name="java.vm.compressedOopsMode" value="32-bit" />
    <property name="netbeans.productversion" value="Apache NetBeans IDE 12.5" />
    <property name="mkdist.disabled" value="false" />
    <property name="libs.javaee-web-api-6.0.javadoc" value="C:\Program Files\NetBeans-12.5\netbeans\enterprise\docs\javaee-doc-api.jar" />
    <property name="libs.javaee-api-7.0.maven-pom" value="" />
    <property name="libs.groovy-all.classpath" value="C:\Program Files\NetBeans-12.5\netbeans\groovy\modules\ext\groovy-3.0.8.jar;C:\Program Files\NetBeans-12.5\netbeans\groovy\modules\ext\groovy-ant-3.0.8.jar" />
    <property name="libs.absolutelayout.javadoc" value="" />
    <property name="libs.Conexion.javadoc" value="" />
    <property name="module.build.classes.dir" value="build/classes" />
    <property name="annotation.processing.processor.options" value="" />
    <property name="libs.jaxb.maven-pom" value="" />
    <property name="libs.javaee-api-6.0.maven-pom" value="" />
    <property name="dist.dir" value="dist" />
    <property name="build.dir" value="build" />
    <property name="libs.graaljs.maven-pom" value="" />
    <property name="netbeans.autoupdate.variant" value="" />
    <property name="javadoc.version" value="false" />
    <property name="libs.metro.src" value="" />
    <property name="libs.metro.classpath" value="C:\Program Files\NetBeans-12.5\netbeans\ide\modules\ext\jaxb\activation.jar;C:\Program Files\NetBeans-12.5\netbeans\enterprise\modules\ext\metro\webservices-api.jar;C:\Program Files\NetBeans-12.5\netbeans\enterprise\modules\ext\metro\webservices-extra-api.jar;C:\Program Files\NetBeans-12.5\netbeans\enterprise\modules\ext\metro\webservices-extra.jar;C:\Program Files\NetBeans-12.5\netbeans\enterprise\modules\ext\metro\webservices-rt.jar;C:\Program Files\NetBeans-12.5\netbeans\enterprise\modules\ext\metro\webservices-tools.jar" />
    <property name="libs.Conexion.maven-pom" value="" />
    <property name="libs.CopyLibs.classpath" value="C:\Program Files\NetBeans-12.5\netbeans\java\ant\extra\org-netbeans-modules-java-j2seproject-copylibstask.jar" />
    <property name="sun.os.patch.level" value="" />
    <property name="javadoc.html5" value="false" />
    <property name="javac.test.processorpath" value="C:\Users\Casa\Desktop\Capeta de OOP\ESPE202110-OOP-7490\assignments\guamana\unit2\HW14-MongolDb CRUD Operation\ContactsBook\lib\jcalendar-1.4.jar:C:\Users\Casa\Desktop\Capeta de OOP\ESPE202110-OOP-7490\assignments\guamana\unit2\HW14-MongolDb CRUD Operation\ContactsBook\lib\mongo-java-driver-3.12.9.jar:C:\Users\Casa\Desktop\Capeta de OOP\ESPE202110-OOP-7490\workshops\guamana\unit3\WS33-UnitTest\mathOperations1\lib\hamcrest-2.2.jar:build/classes:C:\Program Files\NetBeans-12.5\netbeans\platform\modules\ext\junit-jupiter-api-5.6.0.jar;C:\Program Files\NetBeans-12.5\netbeans\platform\modules\ext\junit-jupiter-params-5.6.0.jar;C:\Program Files\NetBeans-12.5\netbeans\platform\modules\ext\junit-jupiter-engine-5.6.0.jar:C:\Program Files\NetBeans-12.5\netbeans\platform\modules\ext\junit-4.13.2.jar" />
    <property name="libs.javaee-web-api-7.0.maven-pom" value="" />
    <property name="libs.javaee-web-api-8.0.maven-pom" value="" />
    <property name="netbeans.dirs" value="C:\Program Files\NetBeans-12.5\netbeans\nb;C:\Program Files\NetBeans-12.5\netbeans\ergonomics;C:\Program Files\NetBeans-12.5\netbeans\ide;C:\Program Files\NetBeans-12.5\netbeans\extide;C:\Program Files\NetBeans-12.5\netbeans\java;C:\Program Files\NetBeans-12.5\netbeans\apisupport;C:\Program Files\NetBeans-12.5\netbeans\webcommon;C:\Program Files\NetBeans-12.5\netbeans\websvccommon;C:\Program Files\NetBeans-12.5\netbeans\enterprise;C:\Program Files\NetBeans-12.5\netbeans\mobility;C:\Program Files\NetBeans-12.5\netbeans\profiler;C:\Program Files\NetBeans-12.5\netbeans\python;C:\Program Files\NetBeans-12.5\netbeans\php;C:\Program Files\NetBeans-12.5\netbeans\identity;C:\Program Files\NetBeans-12.5\netbeans\harness;C:\Program Files\NetBeans-12.5\netbeans\cnd;C:\Program Files\NetBeans-12.5\netbeans\cndext;C:\Program Files\NetBeans-12.5\netbeans\cpplite;C:\Program Files\NetBeans-12.5\netbeans\dlight;C:\Program Files\NetBeans-12.5\netbeans\groovy;C:\Program Files\NetBeans-12.5\netbeans\extra;C:\Program Files\NetBeans-12.5\netbeans\javacard;C:\Program Files\NetBeans-12.5\netbeans\javafx" />
    <property name="libs.hamcrest.maven-pom" value="" />
    <property name="javac.processorpath" value="C:\Users\Casa\Desktop\Capeta de OOP\ESPE202110-OOP-7490\assignments\guamana\unit2\HW14-MongolDb CRUD Operation\ContactsBook\lib\jcalendar-1.4.jar:C:\Users\Casa\Desktop\Capeta de OOP\ESPE202110-OOP-7490\assignments\guamana\unit2\HW14-MongolDb CRUD Operation\ContactsBook\lib\mongo-java-driver-3.12.9.jar:C:\Users\Casa\Desktop\Capeta de OOP\ESPE202110-OOP-7490\workshops\guamana\unit3\WS33-UnitTest\mathOperations1\lib\hamcrest-2.2.jar" />
    <property name="libs.javaee-api-6.0.javadoc" value="C:\Program Files\NetBeans-12.5\netbeans\enterprise\docs\javaee-doc-api.jar" />
    <property name="libs.MyLibrary1.src" value="" />
    <property name="libs.JWSAntTasks.maven-pom" value="" />
    <property name="javac.upgrademodulepath" value="" />
    <property name="run.modulepath" value="" />
    <property name="do.archive+manifest.available" value="true" />
    <property name="apple.laf.useScreenMenuBar" value="true" />
    <property name="user.country" value="EC" />
    <property name="sun.java.launcher" value="SUN_STANDARD" />
    <property name="libs.jakartaee-api-9.0.maven-pom" value="" />
    <property name="libs.restapi.javadoc" value="" />
    <property name="libs.jpa20-persistence.src" value="" />
    <property name="endorsed.classpath" value="" />
    <property name="javac.test.sourcepath" value="C:\Users\Casa\Desktop\Nueva carpeta (4)\InventaryShop2\InventaryShop2\build\empty" />
    <property name="libs.spring-webmvc3.0.maven-pom" value="" />
    <property name="includes" value="**" />
    <property name="libs.jsf12.javadoc" value="C:\Program Files\NetBeans-12.5\netbeans\enterprise\docs\javaee-doc-api.jar" />
    <property name="libs.hamcrest.classpath" value="C:\Program Files\NetBeans-12.5\netbeans\platform\modules\ext\hamcrest-core-1.3.jar" />
    <property name="javadoc.splitindex" value="true" />
    <property name="libs.JWSAntTasks.classpath" value="C:\Program Files\NetBeans-12.5\netbeans\java\ant\extra\org-netbeans-modules-javawebstart-anttasks.jar" />
    <property name="junit.available" value="true" />
    <property name="javac.processormodulepath" value="" />
    <property name="javadoc.encoding" value="UTF-8" />
    <property name="netbeans.hash.code" value="unique=NB_EXTIDE_JAVA_PHP_WEBCOMMON_WEBEE07b3fd33c-0998-49e9-afc7-e31c5012e0c4_192f5f3e-1304-4458-a276-dedb901bae22" />
    <property name="libs.jstl.src" value="" />
    <property name="libs.jsp-compilation-syscp.maven-pom" value="" />
    <property name="libs.spring-webmvc3.0.classpath" value="C:\Program Files\NetBeans-12.5\netbeans\java\modules\ext\spring-3.0\spring-webmvc-3.2.18.RELEASE.jar" />
    <property name="java.runtime.name" value="Java(TM) SE Runtime Environment" />
    <property name="libs.jaxb.javadoc" value="C:\Program Files\NetBeans-12.5\netbeans\ide\docs\jaxb-api-doc.jar" />
    <property name="manifest.available" value="true" />
    <property name="libs.spring-framework500.maven-pom" value="" />
    <property name="run.jvmargs.ide" value="" />
    <property name="ant.core.lib" value="C:\Program Files\NetBeans-12.5\netbeans\extide\ant\lib\ant.jar" />
    <property name="libs.jsp-compilation.maven-pom" value="" />
    <property name="javac.profile.cmd.line.arg" value="" />
    <property name="libs.jakartaee-api-9.0.classpath" value="C:\Program Files\NetBeans-12.5\netbeans\enterprise\modules\ext\jakarta.jakartaee-api-9.0.0.jar" />
    <property name="application.title" value="InventaryShop2" />
    <property name="do.archive+main.class.available" value="true" />
    <property name="&gt;&gt;&gt;&gt;&gt;&gt;&gt;" value="7d4065045502fe5e41e8acca2811bf0f693d5af5" />
    <property name="javac.test.modulepath" value="" />
    <property name="ignore.failing.tests" value="true" />
    <property name="libs.PostgreSQLDriver.javadoc" value="" />
    <property name="libs.jsp-compilation-syscp.classpath" value="C:\Program Files\NetBeans-12.5\netbeans\extide\ant\lib\ant.jar;C:\Program Files\NetBeans-12.5\netbeans\enterprise\modules\ext\servlet3.1-jsp2.3-api.jar;C:\Program Files\NetBeans-12.5\netbeans\enterprise\modules\ext\glassfish-jspparser-4.0.jar;C:\Program Files\NetBeans-12.5\netbeans\enterprise\modules\ext\jstl-impl.jar;C:\Program Files\NetBeans-12.5\netbeans\enterprise\modules\ext\jsf-2_2\javax.faces.jar" />
    <property name="libs.jsp-compilation.classpath" value="C:\Program Files\NetBeans-12.5\netbeans\extide\ant\lib\ant.jar;C:\Program Files\NetBeans-12.5\netbeans\enterprise\modules\ext\servlet3.1-jsp2.3-api.jar;C:\Program Files\NetBeans-12.5\netbeans\enterprise\modules\ext\glassfish-jspparser-4.0.jar;C:\Program Files\NetBeans-12.5\netbeans\enterprise\modules\ext\jsf-2_2\javax.faces.jar;C:\Program Files\NetBeans-12.5\netbeans\enterprise\modules\ext\jstl-api.jar;C:\Program Files\NetBeans-12.5\netbeans\extide\ant\lib\ant-launcher.jar" />
    <property name="libs.javaee-api-6.0.classpath" value="C:\Program Files\NetBeans-12.5\netbeans\enterprise\modules\ext\javaee-api-6.0.jar" />
    <property name="javac.includesfile.binary" value="C:\Users\Casa\Desktop\Nueva carpeta (4)\InventaryShop2\InventaryShop2\null1778899358" />
    <property name="libs.javaee-api-7.0.classpath" value="C:\Program Files\NetBeans-12.5\netbeans\enterprise\modules\ext\javaee-api-7.0.jar" />
    <property name="sun.cpu.isalist" value="amd64" />
    <property name="libs.restapi.maven-pom" value="" />
    <property name="javadoc.preview" value="true" />
    <property name="do.depend" value="false" />
    <property name="sun.arch.data.model" value="64" />
    <property name="nb.show.statistics.ui" value="usageStatisticsEnabled" />
    <property name="libs.jakartaee-web-api-9.0.maven-pom" value="" />
    <property name="libs.javaee-endorsed-api-7.0.src" value="" />
    <property name="annotation.processing.enabled" value="true" />
    <property name="ant.file.type.InventaryShop2" value="file" />
    <property name="libs.junit_5.src" value="C:\Program Files\NetBeans-12.5\netbeans\platform\docs\junit-jupiter-api-5.6.0-sources.jar;C:\Program Files\NetBeans-12.5\netbeans\platform\docs\junit-jupiter-params-5.6.0-sources.jar;C:\Program Files\NetBeans-12.5\netbeans\platform\docs\junit-jupiter-engine-5.6.0-sources.jar" />
    <property name="libs.jaxb.classpath" value="C:\Program Files\NetBeans-12.5\netbeans\ide\modules\ext\jaxb\jaxb-impl.jar;C:\Program Files\NetBeans-12.5\netbeans\ide\modules\ext\jaxb\jaxb-xjc.jar;C:\Program Files\NetBeans-12.5\netbeans\ide\modules\ext\jaxb\activation.jar;C:\Program Files\NetBeans-12.5\netbeans\ide\modules\ext\jaxb\api\jaxb-api.jar" />
    <property name="libs.javaee-api-8.0.classpath" value="C:\Program Files\NetBeans-12.5\netbeans\enterprise\modules\ext\javaee-api-8.0.jar" />
    <property name="file.reference.hamcrest-2.2.jar" value="C:\Users\Casa\Desktop\Capeta de OOP\ESPE202110-OOP-7490\workshops\guamana\unit3\WS33-UnitTest\mathOperations1\lib\hamcrest-2.2.jar" />
    <property name="libs.CopyLibs.src" value="" />
    <property name="javac.source" value="17" />
    <property name="java.specification.vendor" value="Oracle Corporation" />
    <property name="java.version.date" value="2021-10-19" />
    <property name="java.home" value="C:\Program Files\Java\jdk-17.0.1" />
    <property name="work.dir" value="C:\Users\Casa\Desktop\Nueva carpeta (4)\InventaryShop2\InventaryShop2" />
    <property name="javac.test.compilerargs" value="" />
    <property name="jna.boot.library.name" value="jnidispatch-nb" />
    <property name="libs.PostgreSQLDriver.classpath" value="C:\Program Files\NetBeans-12.5\netbeans\ide\modules\ext\postgresql-42.2.16.jar" />
    <property name="libs.graaljs.javadoc" value="" />
    <property name="libs.spring-webmvc3.0.javadoc" value="" />
    <property name="libs.JAXB-ENDORSED.src" value="" />
    <property name="libs.Conexion.src" value="" />
    <property name="manifest.encoding" value="UTF-8" />
    <property name="user.script" value="" />
    <property name="libs.spring-framework400.src" value="" />
    <property name="sun.management.compiler" value="HotSpot 64-Bit Tiered Compilers" />
    <property name="run.test.modulepath" value="" />
    <property name="libs.javaee-web-api-6.0.classpath" value="C:\Program Files\NetBeans-12.5\netbeans\enterprise\modules\ext\javaee-web-api-6.0.jar" />
    <property name="libs.graaljs.classpath" value="C:\Program Files\NetBeans-12.5\netbeans\webcommon\modules\ext\js-20.3.0.jar;C:\Program Files\NetBeans-12.5\netbeans\webcommon\modules\ext\js-launcher-20.3.0.jar;C:\Program Files\NetBeans-12.5\netbeans\webcommon\modules\ext\regex-20.3.0.jar;C:\Program Files\NetBeans-12.5\netbeans\webcommon\modules\ext\icu4j-67.1.jar;C:\Program Files\NetBeans-12.5\netbeans\ide\modules\ext\graal-sdk-20.3.0.jar;C:\Program Files\NetBeans-12.5\netbeans\ide\modules\ext\launcher-common-20.3.0.jar;C:\Program Files\NetBeans-12.5\netbeans\ide\modules\ext\truffle-api-20.3.0.jar" />
    <property name="libs.jsp-compiler.javadoc" value="" />
    <property name="debug.test.modulepath" value="" />
    <property name="libs.javaee-web-api-7.0.classpath" value="C:\Program Files\NetBeans-12.5\netbeans\enterprise\modules\ext\javaee-web-api-7.0.jar" />
    <property name="file.encoding" value="Cp1252" />
    <property name="java.util.logging.config.class" value="org.netbeans.core.startup.TopLogging" />
    <property name="https.nonProxyHosts" value="localhost|127.0.0.1|AngelJr" />
    <property name="libs.restlib.javadoc" value="" />
    <property name="libs.MyLibrary1.javadoc" value="" />
    <property name="libs.absolutelayout.classpath" value="C:\Program Files\NetBeans-12.5\netbeans\java\modules\ext\AbsoluteLayout.jar" />
    <property name="do.archive" value="true" />
    <property name="libs.struts.maven-pom" value="" />
    <property name="built-jar.properties" value="C:\Users\Casa\Desktop\Nueva carpeta (4)\InventaryShop2\InventaryShop2\build\built-jar.properties" />
    <property name="nb.native.filechooser" value="false" />
    <property name="libs.testng.src" value="" />
    <property name="platform.active" value="default_platform" />
    <property name="libs.javaee-web-api-8.0.classpath" value="C:\Program Files\NetBeans-12.5\netbeans\enterprise\modules\ext\javaee-web-api-8.0.jar" />
    <property name="manifest.file" value="manifest.mf" />
    <property name="sun.io.unicode.encoding" value="UnicodeLittle" />
    <property name="&lt;&lt;&lt;&lt;&lt;&lt;&lt;" value="HEAD" />
    <property name="libs.struts.javadoc" value="C:\Program Files\NetBeans-12.5\netbeans\enterprise\docs\struts-1.3.10-javadoc.zip" />
    <property name="default.javac.source" value="17" />
    <property name="libs.javaee-web-api-8.0.javadoc" value="C:\Program Files\NetBeans-12.5\netbeans\enterprise\docs\javaee-doc-api.jar" />
    <property name="netbeans.dynamic.classpath" value="C:\Program Files\NetBeans-12.5\netbeans\platform\core\asm-9.2.jar;C:\Program Files\NetBeans-12.5\netbeans\platform\core\asm-commons-9.2.jar;C:\Program Files\NetBeans-12.5\netbeans\platform\core\asm-tree-9.2.jar;C:\Program Files\NetBeans-12.5\netbeans\platform\core\core-base.jar;C:\Program Files\NetBeans-12.5\netbeans\platform\core\core.jar;C:\Program Files\NetBeans-12.5\netbeans\platform\core\org-netbeans-libs-asm.jar;C:\Program Files\NetBeans-12.5\netbeans\platform\core\org-openide-filesystems-compat8.jar;C:\Program Files\NetBeans-12.5\netbeans\platform\core\org-openide-filesystems.jar;C:\Program Files\NetBeans-12.5\netbeans\nb\core\org-netbeans-upgrader.jar;C:\Program Files\NetBeans-12.5\netbeans\nb\core\locale\core_nb.jar" />
    <property name="libs.eclipselinkmodelgen.classpath" value="C:\Program Files\NetBeans-12.5\netbeans\java\modules\ext\eclipselink\org.eclipse.persistence.jpa.modelgen.processor-2.7.7.jar" />
    <property name="javac.systemmodulepath.cmd.line.arg" value="" />
    <property name="netbeans.buildnumber" value="12.5-fd523ddc12d6156412d7b81f0c8663d8913d1021" />
    <property name="endorsed.classpath.cmd.line.arg" value="" />
    <property name="libs.jpa20-persistence.maven-pom" value="" />
    <property name="os.name" value="Windows 10" />
    <property name="libs.CopyLibs.maven-pom" value="" />
    <property name="build.sysclasspath" value="ignore" />
    <property name="libs.jakartaee-api-8.0.maven-pom" value="" />
    <property name="jdkBug6558476" value="false" />
    <property name="http.nonProxyHosts" value="localhost|127.0.0.1|AngelJr" />
    <property name="javadoc.author" value="false" />
    <property name="main.class" value="ec.edu.espe.Product.view.FrmInventory" />
    <property name="libs.jsp-compilation-syscp.javadoc" value="" />
    <property name="source.encoding" value="UTF-8" />
    <property name="jar.compress" value="false" />
    <property name="libs.javaee-api-7.0.javadoc" value="C:\Program Files\NetBeans-12.5\netbeans\enterprise\docs\javaee-doc-api.jar" />
    <property name="libs.spring-webmvc5.0.src" value="" />
    <property name="libs.jsf20.maven-pom" value="" />
    <property name="libs.restlib.classpath" value="C:\Program Files\NetBeans-12.5\netbeans\enterprise\modules\ext\jersey2\ext\jakarta.annotation-api-1.3.5.jar;C:\Program Files\NetBeans-12.5\netbeans\enterprise\modules\ext\jersey2\ext\jakarta.persistence-api-2.2.3.jar;C:\Program Files\NetBeans-12.5\netbeans\enterprise\modules\ext\jersey2\ext\jakarta.servlet-api-4.0.4.jar;C:\Program Files\NetBeans-12.5\netbeans\enterprise\modules\ext\jersey2\ext\jakarta.validation-api-2.0.2.jar;C:\Program Files\NetBeans-12.5\netbeans\enterprise\modules\ext\jersey2\ext\jakarta.xml.bind-api-2.3.3.jar;C:\Program Files\NetBeans-12.5\netbeans\enterprise\modules\ext\jersey2\jersey-client.jar;C:\Program Files\NetBeans-12.5\netbeans\enterprise\modules\ext\jersey2\jersey-common.jar;C:\Program Files\NetBeans-12.5\netbeans\enterprise\modules\ext\jersey2\jersey-server.jar;C:\Program Files\NetBeans-12.5\netbeans\enterprise\modules\ext\jersey2\ext\jersey-entity-filtering-2.34.jar;C:\Program Files\NetBeans-12.5\netbeans\enterprise\modules\ext\jersey2\ext\jersey-hk2-2.34.jar;C:\Program Files\NetBeans-12.5\netbeans\enterprise\modules\ext\jersey2\ext\jersey-media-moxy-2.34.jar;C:\Program Files\NetBeans-12.5\netbeans\enterprise\modules\ext\jersey2\jersey-container-servlet.jar;C:\Program Files\NetBeans-12.5\netbeans\enterprise\modules\ext\jersey2\jersey-container-servlet-core.jar;C:\Program Files\NetBeans-12.5\netbeans\enterprise\modules\ext\jersey2\ext\hk2-api-2.6.1.jar;C:\Program Files\NetBeans-12.5\netbeans\enterprise\modules\ext\jersey2\ext\hk2-locator-2.6.1.jar;C:\Program Files\NetBeans-12.5\netbeans\enterprise\modules\ext\jersey2\ext\hk2-utils-2.6.1.jar;C:\Program Files\NetBeans-12.5\netbeans\enterprise\modules\ext\jersey2\ext\jakarta.inject-2.6.1.jar;C:\Program Files\NetBeans-12.5\netbeans\enterprise\modules\ext\jersey2\ext\aopalliance-repackaged-2.6.1.jar;C:\Program Files\NetBeans-12.5\netbeans\enterprise\modules\ext\jersey2\ext\osgi.core-8.0.0.jar;C:\Program Files\NetBeans-12.5\netbeans\enterprise\modules\ext\jersey2\ext\osgi-resource-locator-1.0.3.jar;C:\Program Files\NetBeans-12.5\netbeans\java\modules\ext\eclipselink\org.eclipse.persistence.core-2.7.7.jar;C:\Program Files\NetBeans-12.5\netbeans\java\modules\ext\eclipselink\org.eclipse.persistence.asm-2.7.7.jar;C:\Program Files\NetBeans-12.5\netbeans\java\modules\ext\eclipselink\org.eclipse.persistence.antlr-2.7.7.jar;C:\Program Files\NetBeans-12.5\netbeans\java\modules\ext\eclipselink\org.eclipse.persistence.jpa-2.7.7.jar;C:\Program Files\NetBeans-12.5\netbeans\java\modules\ext\eclipselink\org.eclipse.persistence.jpa.jpql-2.7.7.jar;C:\Program Files\NetBeans-12.5\netbeans\java\modules\ext\eclipselink\org.eclipse.persistence.moxy-2.7.7.jar" />
    <property name="libs.jakartaee-web-api-8.0.javadoc" value="C:\Program Files\NetBeans-12.5\netbeans\enterprise\docs\jakartaee8-doc-api.jar" />
    <property name="apple.awt.graphics.UseQuartz" value="true" />
    <property name="libs.graaljs.src" value="" />
    <property name="libs.MyLibrary.src" value="" />
    <property name="run.jvmargs" value="" />
    <property name="libs.primefaces.src" value="" />
    <property name="libs.MyLibrary1.classpath" value="C:\Users\Casa\Downloads\mongo-java-driver-3.0.0.jar.zip" />
    <property name="file.reference.jcalendar-1.4.jar" value="../../libreria/FrmInventoryTireStore/FrmInventoryTireStore/lib/jcalendar-1.4.jar" />
    <property name="ant.file" value="C:\Users\Casa\Desktop\Nueva carpeta (4)\InventaryShop2\InventaryShop2\build.xml" />
    <property name="libs.struts.src" value="" />
    <property name="path.separator" value=";" />
    <property name="libs.JAXB-ENDORSED.classpath" value="C:\Program Files\NetBeans-12.5\netbeans\ide\modules\ext\jaxb\api\jaxb-api.jar" />
    <property name="libs.restlib.src" value="" />
    <property name="build.test.results.dir" value="build/test/results" />
    <property name="libs.jaxws21.javadoc" value="C:\Program Files\NetBeans-12.5\netbeans\java\docs\jaxws-api-doc.zip" />
    <property name="libs.javaee-endorsed-api-6.0.javadoc" value="C:\Program Files\NetBeans-12.5\netbeans\enterprise\docs\javaee-doc-api.jar" />
    <property name="libs.spring-framework400.maven-pom" value="" />
    <property name="ap.processors.internal" value="" />
    <property name="module.name" value="" />
    <property name="libs.spring-webmvc5.0.javadoc" value="" />
    <property name="libs.jsf12.classpath" value="C:\Program Files\NetBeans-12.5\netbeans\enterprise\modules\ext\jsf-1_2\jsf-api.jar;C:\Program Files\NetBeans-12.5\netbeans\enterprise\modules\ext\jsf-1_2\jsf-impl.jar" />
    <property name="libs.MyLibrary.classpath" value="C:\Users\Casa\Downloads\mongo-java-driver-3.0.0.jar.zip" />
    <property name="libs.hamcrest.javadoc" value="" />
    <property name="libs.spring-framework400.javadoc" value="" />
    <property name="libs.MyLibrary1.maven-pom" value="" />
    <property name="java.vm.info" value="mixed mode, sharing" />
    <property name="libs.primefaces.classpath" value="C:\Program Files\NetBeans-12.5\netbeans\enterprise\modules\ext\primefaces\primefaces-5.0.jar" />
    <property name="libs.jaxws21.maven-pom" value="" />
    <property name="run.test.classpath" value="C:\Users\Casa\Desktop\Capeta de OOP\ESPE202110-OOP-7490\assignments\guamana\unit2\HW14-MongolDb CRUD Operation\ContactsBook\lib\jcalendar-1.4.jar:C:\Users\Casa\Desktop\Capeta de OOP\ESPE202110-OOP-7490\assignments\guamana\unit2\HW14-MongolDb CRUD Operation\ContactsBook\lib\mongo-java-driver-3.12.9.jar:C:\Users\Casa\Desktop\Capeta de OOP\ESPE202110-OOP-7490\workshops\guamana\unit3\WS33-UnitTest\mathOperations1\lib\hamcrest-2.2.jar:build/classes:C:\Program Files\NetBeans-12.5\netbeans\platform\modules\ext\junit-jupiter-api-5.6.0.jar;C:\Program Files\NetBeans-12.5\netbeans\platform\modules\ext\junit-jupiter-params-5.6.0.jar;C:\Program Files\NetBeans-12.5\netbeans\platform\modules\ext\junit-jupiter-engine-5.6.0.jar:C:\Program Files\NetBeans-12.5\netbeans\platform\modules\ext\junit-4.13.2.jar:build/test/classes" />
    <property name="dist.jlink.output" value="dist/jlink/InventaryShop2" />
    <property name="javadoc.encoding.used" value="UTF-8" />
    <property name="java.class.version" value="61.0" />
    <property name="src.dir" value="src" />
    <property name="ant.project.default-target" value="default" />
    <property name="debug.classpath" value="C:\Users\Casa\Desktop\Capeta de OOP\ESPE202110-OOP-7490\assignments\guamana\unit2\HW14-MongolDb CRUD Operation\ContactsBook\lib\jcalendar-1.4.jar:C:\Users\Casa\Desktop\Capeta de OOP\ESPE202110-OOP-7490\assignments\guamana\unit2\HW14-MongolDb CRUD Operation\ContactsBook\lib\mongo-java-driver-3.12.9.jar:C:\Users\Casa\Desktop\Capeta de OOP\ESPE202110-OOP-7490\workshops\guamana\unit3\WS33-UnitTest\mathOperations1\lib\hamcrest-2.2.jar:build/classes" />
    <property name="excludes" value="" />
    <property name="libs.javaee-api-7.0.src" value="" />
    <property name="run.test.jvmargs" value="" />
    <property name="libs.junit_4.javadoc" value="C:\Program Files\NetBeans-12.5\netbeans\platform\docs\junit-4.13.2-javadoc.jar" />
    <property name="sun.jnu.encoding" value="Cp1252" />
    <property name="libs.spring-webmvc4.0.src" value="" />
    <property name="sun.java2d.dpiaware" value="true" />
    <property name="main.class.available" value="true" />
    <property name="libs.jsf20.javadoc" value="C:\Program Files\NetBeans-12.5\netbeans\enterprise\docs\javaee-doc-api.jar" />
    <property name="netbeans.importclass" value="org.netbeans.upgrade.AutoUpgrade" />
    <property name="netbeans.autoupdate.version" value="1.23" />
    <property name="empty.dir" value="C:\Users\Casa\Desktop\Nueva carpeta (4)\InventaryShop2\InventaryShop2\build\empty" />
    <property name="netbeans.user" value="C:\Users\Casa\AppData\Roaming\NetBeans\12.5" />
    <property name="javac.includes.binary" value="C:\Users\Casa\Desktop\Nueva carpeta (4)\InventaryShop2\InventaryShop2\build\test\classes\ec\edu\espe\Products\model\NewProductTest.class" />
    <property name="file.separator" value="\" />
    <property name="line.separator" value="&#xd;&#xa;" />
    <property name="javadoc.additionalparam" value="" />
    <property name="libs.spring-webmvc5.0.classpath" value="C:\Program Files\NetBeans-12.5\netbeans\java\modules\ext\spring-5\spring-webmvc-5.2.9.RELEASE.jar" />
    <property name="javac.debug" value="true" />
    <property name="libs.restlib.maven-pom" value="" />
    <property name="libs.testng.classpath" value="C:\Program Files\NetBeans-12.5\netbeans\platform\modules\ext\testng-6.14.3.jar;C:\Program Files\NetBeans-12.5\netbeans\platform\modules\ext\jcommander-1.78.jar" />
    <property name="libs.jsp-compiler.src" value="" />
    <property name="user.name" value="Casa" />
    <property name="build.classes.dir" value="build/classes" />
    <property name="javadoc.windowtitle" value="" />
    <property name="nb.junit.single" value="false" />
    <property name="nb.internal.action.name" value="test.single" />
    <property name="libs.javaee-api-8.0.maven-pom" value="" />
    <property name="ant.file.InventaryShop2" value="C:\Users\Casa\Desktop\Nueva carpeta (4)\InventaryShop2\InventaryShop2\build.xml" />
    <property name="libs.jaxws21.src" value="" />
    <property name="libs.jakartaee-web-api-9.0.javadoc" value="C:\Program Files\NetBeans-12.5\netbeans\enterprise\docs\jakartaee9-doc-api.jar" />
    <property name="jna.loaded" value="true" />
    <property name="libs.junit_5.maven-pom" value="" />
    <property name="libs.jpa20-persistence.javadoc" value="C:\Program Files\NetBeans-12.5\netbeans\java\modules\ext\docs\javax.persistence-2.2.1-doc.zip" />
    <property name="ant.junit.enabletestlistenerevents" value="true" />
    <property name="libs.JWSAntTasks.src" value="" />
    <property name="ant.home" value="C:\Program Files\NetBeans-12.5\netbeans\extide\ant" />
    <property name="libs.spring-webmvc3.0.src" value="" />
    <property name="debug.test.classpath" value="C:\Users\Casa\Desktop\Capeta de OOP\ESPE202110-OOP-7490\assignments\guamana\unit2\HW14-MongolDb CRUD Operation\ContactsBook\lib\jcalendar-1.4.jar:C:\Users\Casa\Desktop\Capeta de OOP\ESPE202110-OOP-7490\assignments\guamana\unit2\HW14-MongolDb CRUD Operation\ContactsBook\lib\mongo-java-driver-3.12.9.jar:C:\Users\Casa\Desktop\Capeta de OOP\ESPE202110-OOP-7490\workshops\guamana\unit3\WS33-UnitTest\mathOperations1\lib\hamcrest-2.2.jar:build/classes:C:\Program Files\NetBeans-12.5\netbeans\platform\modules\ext\junit-jupiter-api-5.6.0.jar;C:\Program Files\NetBeans-12.5\netbeans\platform\modules\ext\junit-jupiter-params-5.6.0.jar;C:\Program Files\NetBeans-12.5\netbeans\platform\modules\ext\junit-jupiter-engine-5.6.0.jar:C:\Program Files\NetBeans-12.5\netbeans\platform\modules\ext\junit-4.13.2.jar:build/test/classes" />
    <property name="javac.external.vm" value="true" />
    <property name="have.tests" value="true" />
    <property name="testng.debug.mode" value="" />
    <property name="javac.target" value="17" />
    <property name="ant.version" value="Apache Ant(TM) version 1.10.8 compiled on May 10 2020" />
    <property name="libs.absolutelayout.maven-pom" value="" />
    <property name="java.failonerror" value="true" />
    <property name="javac.modulepath" value="" />
    <property name="libs.spring-framework500.src" value="" />
    <property name="user.properties.file" value="C:\Users\Casa\AppData\Roaming\NetBeans\12.5\build.properties" />
    <property name="libs.javaee-api-6.0.src" value="" />
    <property name="javac.includes" value="ec/edu/espe/Products/model/NewProductTest.java" />
    <property name="netbeans.autoupdate.country" value="EC" />
    <property name="java.class.path" value="C:\Users\Casa\Desktop\Capeta de OOP\ESPE202110-OOP-7490\assignments\guamana\unit2\HW14-MongolDb CRUD Operation\ContactsBook\lib\jcalendar-1.4.jar;C:\Users\Casa\Desktop\Capeta de OOP\ESPE202110-OOP-7490\assignments\guamana\unit2\HW14-MongolDb CRUD Operation\ContactsBook\lib\mongo-java-driver-3.12.9.jar;C:\Users\Casa\Desktop\Capeta de OOP\ESPE202110-OOP-7490\workshops\guamana\unit3\WS33-UnitTest\mathOperations1\lib\hamcrest-2.2.jar;C:\Users\Casa\Desktop\Nueva carpeta (4)\InventaryShop2\InventaryShop2\build\classes;C:\Program Files\NetBeans-12.5\netbeans\platform\modules\ext\junit-jupiter-api-5.6.0.jar;C:\Program Files\NetBeans-12.5\netbeans\platform\modules\ext\junit-jupiter-params-5.6.0.jar;C:\Program Files\NetBeans-12.5\netbeans\platform\modules\ext\junit-jupiter-engine-5.6.0.jar;C:\Program Files\NetBeans-12.5\netbeans\platform\modules\ext\junit-4.13.2.jar;C:\Users\Casa\Desktop\Nueva carpeta (4)\InventaryShop2\InventaryShop2\build\test\classes;C:\Program Files\NetBeans-12.5\netbeans\extide\ant\lib\ant-launcher.jar;C:\Program Files\NetBeans-12.5\netbeans\extide\ant\lib\ant.jar;C:\Program Files\NetBeans-12.5\netbeans\extide\ant\lib\ant-junit.jar;C:\Program Files\NetBeans-12.5\netbeans\extide\ant\lib\ant-junit4.jar" />
    <property name="libs.javaee-web-api-6.0.maven-pom" value="" />
    <property name="java.vm.vendor" value="Oracle Corporation" />
    <property name="ap.supported.internal" value="true" />
    <property name="user.variant" value="" />
    <property name="netbeans.home+have.tests" value="true" />
    <property name="test.binaryexcludes" value="" />
    <property name="javac.compilerargs" value="" />
    <property name="libs.jstl.maven-pom" value="" />
    <property name="libs.jakartaee-web-api-8.0.src" value="" />
    <property name="file.reference.mongo-java-driver-3.12.9.jar-2" value="C:\Users\Casa\Desktop\Capeta de OOP\ESPE202110-OOP-7490\assignments\guamana\unit2\HW14-MongolDb CRUD Operation\ContactsBook\lib\mongo-java-driver-3.12.9.jar" />
    <property name="file.reference.mongo-java-driver-3.12.9.jar-1" value="../../../../../Alejandro De La Cruz/ESPE/II SEMESTRE/POO7490/Proyecto/mongo-java-driver-3.12.9.jar" />
    <property name="sun.cpu.endian" value="little" />
    <property name="libs.junit_4.src" value="C:\Program Files\NetBeans-12.5\netbeans\platform\docs\junit-4.13.2-sources.jar" />
    <property name="libs.jakartaee-api-9.0.src" value="" />
    <property name="user.language" value="es" />
    <property name="copylibs.rebase" value="true" />
    <property name="maven.defaultProjectBuilder.disableGlobalModelCache" value="true" />
    <property name="libs.javaee-web-api-6.0.src" value="" />
    <property name="javadoc.nonavbar" value="false" />
    <property name="libs.javaee-api-8.0.src" value="" />
    <property name="ant.java.version" value="17" />
    <property name="libs.junit_4.classpath" value="C:\Program Files\NetBeans-12.5\netbeans\platform\modules\ext\junit-4.13.2.jar" />
    <property name="libs.jakartaee-api-9.0.javadoc" value="C:\Program Files\NetBeans-12.5\netbeans\enterprise\docs\jakartaee9-doc-api.jar" />
    <property name="jlink.launcher.name" value="InventaryShop2" />
    <property name="test.binarytestincludes" value="" />
    <property name="sun.awt.keepWorkingSetOnMinimize" value="true" />
    <property name="libs.junit_4.maven-pom" value="" />
    <property name="libs.spring-webmvc5.0.maven-pom" value="" />
    <property name="runtime.encoding" value="UTF-8" />
    <property name="libs.jsp-compiler.maven-pom" value="" />
    <property name="jlink.additionalmodules" value="" />
    <property name="javac.classpath" value="C:\Users\Casa\Desktop\Capeta de OOP\ESPE202110-OOP-7490\assignments\guamana\unit2\HW14-MongolDb CRUD Operation\ContactsBook\lib\jcalendar-1.4.jar:C:\Users\Casa\Desktop\Capeta de OOP\ESPE202110-OOP-7490\assignments\guamana\unit2\HW14-MongolDb CRUD Operation\ContactsBook\lib\mongo-java-driver-3.12.9.jar:C:\Users\Casa\Desktop\Capeta de OOP\ESPE202110-OOP-7490\workshops\guamana\unit3\WS33-UnitTest\mathOperations1\lib\hamcrest-2.2.jar" />
    <property name="libs.jakartaee-web-api-8.0.classpath" value="C:\Program Files\NetBeans-12.5\netbeans\enterprise\modules\ext\jakarta.jakartaee-web-api-8.0.0.jar" />
    <property name="dist.jlink.dir" value="dist/jlink" />
    <property name="nb.junit.batch" value="true" />
    <property name="build.test.classes.dir" value="build/test/classes" />
    <property name="libs.spring-framework300.maven-pom" value="" />
    <property name="ant.project.invoked-targets" value="test-single" />
    <property name="file.reference.jcalendar-1.4.jar-1" value="../../../../../Alejandro De La Cruz/ESPE/II SEMESTRE/POO7490/Proyecto/NEWWWW/FrmInventoryTireStore/lib/jcalendar-1.4.jar" />
    <property name="libs.jstl.classpath" value="C:\Program Files\NetBeans-12.5\netbeans\enterprise\modules\ext\jstl-impl.jar;C:\Program Files\NetBeans-12.5\netbeans\enterprise\modules\ext\jstl-api.jar" />
    <property name="file.reference.jcalendar-1.4.jar-2" value="C:\Users\Casa\Desktop\Capeta de OOP\ESPE202110-OOP-7490\assignments\guamana\unit2\HW14-MongolDb CRUD Operation\ContactsBook\lib\jcalendar-1.4.jar" />
    <property name="ap.cmd.line.internal" value="" />
    <property name="libs.PostgreSQLDriver.src" value="" />
    <property name="java.vendor.url.bug" value="https://bugreport.java.com/bugreport/" />
    <property name="annotation.processing.source.output" value="build/generated-sources/ap-source-output" />
    <property name="libs.javaee-endorsed-api-6.0.maven-pom" value="" />
    <property name="user.dir" value="C:\Users\Casa\Desktop\Nueva carpeta (4)\InventaryShop2\InventaryShop2" />
    <property name="platform.java" value="C:\Program Files\Java\jdk-17.0.1/bin/java" />
    <property name="application.args" value="" />
    <property name="org.xml.sax.driver" value="com.sun.org.apache.xerces.internal.jaxp.SAXParserImpl$JAXPSAXParser" />
    <property name="libs.jakartaee-web-api-8.0.maven-pom" value="" />
    <property name="libs.eclipselink.src" value="" />
    <property name="java.vm.version" value="17.0.1+12-LTS-39" />
    <property name="libs.metro.javadoc" value="C:\Program Files\NetBeans-12.5\netbeans\enterprise\docs\webservices-api-javadoc.jar;C:\Program Files\NetBeans-12.5\netbeans\enterprise\docs\webservices-extra-javadoc.jar;C:\Program Files\NetBeans-12.5\netbeans\enterprise\docs\webservices-extra-api-javadoc.jar;C:\Program Files\NetBeans-12.5\netbeans\enterprise\docs\webservices-rt-javadoc.jar;C:\Program Files\NetBeans-12.5\netbeans\enterprise\docs\webservices-tools-javadoc.jar" />
    <property name="libs.jakartaee-web-api-9.0.src" value="" />
    <property name="sun.awt.datatransfer.timeout" value="1000" />
    <property name="test.class" value="ec.edu.espe.Products.model.NewProductTest" />
    <property name="annotation.processing.run.all.processors" value="true" />
    <property name="libs.jsp-compiler.classpath" value="C:\Program Files\NetBeans-12.5\netbeans\enterprise\ant\extra\jspcompile.jar" />
    <property name="libs.jakartaee-api-8.0.src" value="" />
    <property name="libs.javaee-web-api-7.0.src" value="" />
    <property name="junit.forkmode" value="perTest" />
    <property name="libs.javaee-endorsed-api-6.0.classpath" value="C:\Program Files\NetBeans-12.5\netbeans\enterprise\modules\ext\javaee6-endorsed\javax.annotation.jar;C:\Program Files\NetBeans-12.5\netbeans\enterprise\modules\ext\javaee6-endorsed\jaxb-api-osgi.jar;C:\Program Files\NetBeans-12.5\netbeans\enterprise\modules\ext\javaee6-endorsed\webservices-api-osgi.jar" />
  </properties>
  <testcase classname="ec.edu.espe.Products.model.NewProductTest" name="testMain" time="0.88">
    <failure message="The test case is a prototype." type="junit.framework.AssertionFailedError">junit.framework.AssertionFailedError: The test case is a prototype.
	at ec.edu.espe.Products.model.NewProductTest.testMain(NewProductTest.java:55)
	at java.base/jdk.internal.reflect.NativeMethodAccessorImpl.invoke0(Native Method)
	at java.base/jdk.internal.reflect.NativeMethodAccessorImpl.invoke(NativeMethodAccessorImpl.java:77)
	at java.base/jdk.internal.reflect.DelegatingMethodAccessorImpl.invoke(DelegatingMethodAccessorImpl.java:43)
</failure>
  </testcase>
  <testcase classname="ec.edu.espe.Products.model.NewProductTest" name="testView" time="10.121">
    <failure message="The test case is a prototype." type="junit.framework.AssertionFailedError">junit.framework.AssertionFailedError: The test case is a prototype.
	at ec.edu.espe.Products.model.NewProductTest.testView(NewProductTest.java:28)
	at java.base/jdk.internal.reflect.NativeMethodAccessorImpl.invoke0(Native Method)
	at java.base/jdk.internal.reflect.NativeMethodAccessorImpl.invoke(NativeMethodAccessorImpl.java:77)
	at java.base/jdk.internal.reflect.DelegatingMethodAccessorImpl.invoke(DelegatingMethodAccessorImpl.java:43)
</failure>
  </testcase>
  <testcase classname="ec.edu.espe.Products.model.NewProductTest" name="testDelete" time="0.116">
    <error message="invalid hexadecimal representation of an ObjectId: [25]" type="java.lang.IllegalArgumentException">java.lang.IllegalArgumentException: invalid hexadecimal representation of an ObjectId: [25]
	at org.bson.types.ObjectId.parseHexString(ObjectId.java:529)
	at org.bson.types.ObjectId.&lt;init&gt;(ObjectId.java:205)
	at ec.edu.espe.Products.model.NewProduct.Delete(NewProduct.java:231)
	at ec.edu.espe.Products.model.NewProductTest.testDelete(NewProductTest.java:40)
	at java.base/jdk.internal.reflect.NativeMethodAccessorImpl.invoke0(Native Method)
	at java.base/jdk.internal.reflect.NativeMethodAccessorImpl.invoke(NativeMethodAccessorImpl.java:77)
	at java.base/jdk.internal.reflect.DelegatingMethodAccessorImpl.invoke(DelegatingMethodAccessorImpl.java:43)
</error>
  </testcase>
  <system-out><![CDATA[main
view
Delete
]]></system-out>
  <system-err><![CDATA[feb. 14, 2022 4:46:47 P. M. com.mongodb.diagnostics.logging.JULLogger log
INFO: Cluster created with settings {hosts=[127.0.0.1:27017], srvHost=cluster0.rac7v.mongodb.net, mode=MULTIPLE, requiredClusterType=REPLICA_SET, serverSelectionTimeout='30000 ms', maxWaitQueueSize=500, requiredReplicaSetName='atlas-asx38u-shard-0'}
feb. 14, 2022 4:46:47 P. M. com.mongodb.diagnostics.logging.JULLogger log
INFO: Cluster created with settings {hosts=[127.0.0.1:27017], srvHost=cluster0.rac7v.mongodb.net, mode=MULTIPLE, requiredClusterType=REPLICA_SET, serverSelectionTimeout='30000 ms', maxWaitQueueSize=500, requiredReplicaSetName='atlas-asx38u-shard-0'}
feb. 14, 2022 4:46:47 P. M. com.mongodb.diagnostics.logging.JULLogger log
INFO: Adding discovered server cluster0-shard-00-02.rac7v.mongodb.net:27017 to client view of cluster
feb. 14, 2022 4:46:47 P. M. com.mongodb.diagnostics.logging.JULLogger log
INFO: Adding discovered server cluster0-shard-00-02.rac7v.mongodb.net:27017 to client view of cluster
feb. 14, 2022 4:46:48 P. M. com.mongodb.diagnostics.logging.JULLogger log
INFO: Adding discovered server cluster0-shard-00-01.rac7v.mongodb.net:27017 to client view of cluster
feb. 14, 2022 4:46:48 P. M. com.mongodb.diagnostics.logging.JULLogger log
INFO: Adding discovered server cluster0-shard-00-01.rac7v.mongodb.net:27017 to client view of cluster
feb. 14, 2022 4:46:48 P. M. com.mongodb.diagnostics.logging.JULLogger log
INFO: Adding discovered server cluster0-shard-00-00.rac7v.mongodb.net:27017 to client view of cluster
feb. 14, 2022 4:46:48 P. M. com.mongodb.diagnostics.logging.JULLogger log
INFO: Adding discovered server cluster0-shard-00-00.rac7v.mongodb.net:27017 to client view of cluster
feb. 14, 2022 4:46:51 P. M. com.mongodb.diagnostics.logging.JULLogger log
INFO: No server chosen by com.mongodb.client.internal.MongoClientDelegate$1@740fb309 from cluster description ClusterDescription{type=REPLICA_SET, connectionMode=MULTIPLE, serverDescriptions=[ServerDescription{address=cluster0-shard-00-01.rac7v.mongodb.net:27017, type=UNKNOWN, state=CONNECTING}, ServerDescription{address=cluster0-shard-00-00.rac7v.mongodb.net:27017, type=UNKNOWN, state=CONNECTING}, ServerDescription{address=cluster0-shard-00-02.rac7v.mongodb.net:27017, type=UNKNOWN, state=CONNECTING}]}. Waiting for 30000 ms before timing out
feb. 14, 2022 4:46:53 P. M. com.mongodb.diagnostics.logging.JULLogger log
INFO: Opened connection [connectionId{localValue:6, serverValue:590437}] to cluster0-shard-00-01.rac7v.mongodb.net:27017
feb. 14, 2022 4:46:53 P. M. com.mongodb.diagnostics.logging.JULLogger log
INFO: Opened connection [connectionId{localValue:5, serverValue:337782}] to cluster0-shard-00-02.rac7v.mongodb.net:27017
feb. 14, 2022 4:46:53 P. M. com.mongodb.diagnostics.logging.JULLogger log
INFO: Opened connection [connectionId{localValue:2, serverValue:590437}] to cluster0-shard-00-01.rac7v.mongodb.net:27017
feb. 14, 2022 4:46:53 P. M. com.mongodb.diagnostics.logging.JULLogger log
INFO: Opened connection [connectionId{localValue:3, serverValue:585920}] to cluster0-shard-00-00.rac7v.mongodb.net:27017
feb. 14, 2022 4:46:53 P. M. com.mongodb.diagnostics.logging.JULLogger log
INFO: Opened connection [connectionId{localValue:4, serverValue:585920}] to cluster0-shard-00-00.rac7v.mongodb.net:27017
feb. 14, 2022 4:46:53 P. M. com.mongodb.diagnostics.logging.JULLogger log
INFO: Opened connection [connectionId{localValue:1, serverValue:337782}] to cluster0-shard-00-02.rac7v.mongodb.net:27017
feb. 14, 2022 4:46:53 P. M. com.mongodb.diagnostics.logging.JULLogger log
INFO: Monitor thread successfully connected to server with description ServerDescription{address=cluster0-shard-00-00.rac7v.mongodb.net:27017, type=REPLICA_SET_SECONDARY, state=CONNECTED, ok=true, version=ServerVersion{versionList=[4, 4, 12]}, minWireVersion=0, maxWireVersion=9, maxDocumentSize=16777216, logicalSessionTimeoutMinutes=30, roundTripTimeNanos=89493700, setName='atlas-asx38u-shard-0', canonicalAddress=cluster0-shard-00-00.rac7v.mongodb.net:27017, hosts=[cluster0-shard-00-01.rac7v.mongodb.net:27017, cluster0-shard-00-00.rac7v.mongodb.net:27017, cluster0-shard-00-02.rac7v.mongodb.net:27017], passives=[], arbiters=[], primary='cluster0-shard-00-01.rac7v.mongodb.net:27017', tagSet=TagSet{[Tag{name='nodeType', value='ELECTABLE'}, Tag{name='provider', value='AWS'}, Tag{name='region', value='US_EAST_1'}, Tag{name='workloadType', value='OPERATIONAL'}]}, electionId=null, setVersion=9, lastWriteDate=Mon Feb 14 16:46:53 ECT 2022, lastUpdateTimeNanos=103378215282100}
feb. 14, 2022 4:46:53 P. M. com.mongodb.diagnostics.logging.JULLogger log
INFO: Monitor thread successfully connected to server with description ServerDescription{address=cluster0-shard-00-02.rac7v.mongodb.net:27017, type=REPLICA_SET_SECONDARY, state=CONNECTED, ok=true, version=ServerVersion{versionList=[4, 4, 12]}, minWireVersion=0, maxWireVersion=9, maxDocumentSize=16777216, logicalSessionTimeoutMinutes=30, roundTripTimeNanos=90413100, setName='atlas-asx38u-shard-0', canonicalAddress=cluster0-shard-00-02.rac7v.mongodb.net:27017, hosts=[cluster0-shard-00-01.rac7v.mongodb.net:27017, cluster0-shard-00-00.rac7v.mongodb.net:27017, cluster0-shard-00-02.rac7v.mongodb.net:27017], passives=[], arbiters=[], primary='cluster0-shard-00-01.rac7v.mongodb.net:27017', tagSet=TagSet{[Tag{name='nodeType', value='ELECTABLE'}, Tag{name='provider', value='AWS'}, Tag{name='region', value='US_EAST_1'}, Tag{name='workloadType', value='OPERATIONAL'}]}, electionId=null, setVersion=9, lastWriteDate=Mon Feb 14 16:46:53 ECT 2022, lastUpdateTimeNanos=103378219483100}
feb. 14, 2022 4:46:53 P. M. com.mongodb.diagnostics.logging.JULLogger log
INFO: Monitor thread successfully connected to server with description ServerDescription{address=cluster0-shard-00-01.rac7v.mongodb.net:27017, type=REPLICA_SET_PRIMARY, state=CONNECTED, ok=true, version=ServerVersion{versionList=[4, 4, 12]}, minWireVersion=0, maxWireVersion=9, maxDocumentSize=16777216, logicalSessionTimeoutMinutes=30, roundTripTimeNanos=95755100, setName='atlas-asx38u-shard-0', canonicalAddress=cluster0-shard-00-01.rac7v.mongodb.net:27017, hosts=[cluster0-shard-00-01.rac7v.mongodb.net:27017, cluster0-shard-00-00.rac7v.mongodb.net:27017, cluster0-shard-00-02.rac7v.mongodb.net:27017], passives=[], arbiters=[], primary='cluster0-shard-00-01.rac7v.mongodb.net:27017', tagSet=TagSet{[Tag{name='nodeType', value='ELECTABLE'}, Tag{name='provider', value='AWS'}, Tag{name='region', value='US_EAST_1'}, Tag{name='workloadType', value='OPERATIONAL'}]}, electionId=7fffffff000000000000013a, setVersion=9, lastWriteDate=Mon Feb 14 16:46:53 ECT 2022, lastUpdateTimeNanos=103378219483000}
feb. 14, 2022 4:46:53 P. M. com.mongodb.diagnostics.logging.JULLogger log
INFO: Monitor thread successfully connected to server with description ServerDescription{address=cluster0-shard-00-02.rac7v.mongodb.net:27017, type=REPLICA_SET_SECONDARY, state=CONNECTED, ok=true, version=ServerVersion{versionList=[4, 4, 12]}, minWireVersion=0, maxWireVersion=9, maxDocumentSize=16777216, logicalSessionTimeoutMinutes=30, roundTripTimeNanos=97147200, setName='atlas-asx38u-shard-0', canonicalAddress=cluster0-shard-00-02.rac7v.mongodb.net:27017, hosts=[cluster0-shard-00-01.rac7v.mongodb.net:27017, cluster0-shard-00-00.rac7v.mongodb.net:27017, cluster0-shard-00-02.rac7v.mongodb.net:27017], passives=[], arbiters=[], primary='cluster0-shard-00-01.rac7v.mongodb.net:27017', tagSet=TagSet{[Tag{name='nodeType', value='ELECTABLE'}, Tag{name='provider', value='AWS'}, Tag{name='region', value='US_EAST_1'}, Tag{name='workloadType', value='OPERATIONAL'}]}, electionId=null, setVersion=9, lastWriteDate=Mon Feb 14 16:46:53 ECT 2022, lastUpdateTimeNanos=103378225215600}
feb. 14, 2022 4:46:53 P. M. com.mongodb.diagnostics.logging.JULLogger log
INFO: Monitor thread successfully connected to server with description ServerDescription{address=cluster0-shard-00-01.rac7v.mongodb.net:27017, type=REPLICA_SET_PRIMARY, state=CONNECTED, ok=true, version=ServerVersion{versionList=[4, 4, 12]}, minWireVersion=0, maxWireVersion=9, maxDocumentSize=16777216, logicalSessionTimeoutMinutes=30, roundTripTimeNanos=104242000, setName='atlas-asx38u-shard-0', canonicalAddress=cluster0-shard-00-01.rac7v.mongodb.net:27017, hosts=[cluster0-shard-00-01.rac7v.mongodb.net:27017, cluster0-shard-00-00.rac7v.mongodb.net:27017, cluster0-shard-00-02.rac7v.mongodb.net:27017], passives=[], arbiters=[], primary='cluster0-shard-00-01.rac7v.mongodb.net:27017', tagSet=TagSet{[Tag{name='nodeType', value='ELECTABLE'}, Tag{name='provider', value='AWS'}, Tag{name='region', value='US_EAST_1'}, Tag{name='workloadType', value='OPERATIONAL'}]}, electionId=7fffffff000000000000013a, setVersion=9, lastWriteDate=Mon Feb 14 16:46:53 ECT 2022, lastUpdateTimeNanos=103378226219800}
feb. 14, 2022 4:46:53 P. M. com.mongodb.diagnostics.logging.JULLogger log
INFO: No server chosen by ReadPreferenceServerSelector{readPreference=primary} from cluster description ClusterDescription{type=REPLICA_SET, connectionMode=MULTIPLE, serverDescriptions=[ServerDescription{address=cluster0-shard-00-01.rac7v.mongodb.net:27017, type=UNKNOWN, state=CONNECTING}, ServerDescription{address=cluster0-shard-00-00.rac7v.mongodb.net:27017, type=REPLICA_SET_SECONDARY, state=CONNECTED, ok=true, version=ServerVersion{versionList=[4, 4, 12]}, minWireVersion=0, maxWireVersion=9, maxDocumentSize=16777216, logicalSessionTimeoutMinutes=30, roundTripTimeNanos=89493700, setName='atlas-asx38u-shard-0', canonicalAddress=cluster0-shard-00-00.rac7v.mongodb.net:27017, hosts=[cluster0-shard-00-01.rac7v.mongodb.net:27017, cluster0-shard-00-00.rac7v.mongodb.net:27017, cluster0-shard-00-02.rac7v.mongodb.net:27017], passives=[], arbiters=[], primary='cluster0-shard-00-01.rac7v.mongodb.net:27017', tagSet=TagSet{[Tag{name='nodeType', value='ELECTABLE'}, Tag{name='provider', value='AWS'}, Tag{name='region', value='US_EAST_1'}, Tag{name='workloadType', value='OPERATIONAL'}]}, electionId=null, setVersion=9, lastWriteDate=Mon Feb 14 16:46:53 ECT 2022, lastUpdateTimeNanos=103378215282100}, ServerDescription{address=cluster0-shard-00-02.rac7v.mongodb.net:27017, type=UNKNOWN, state=CONNECTING}]}. Waiting for 30000 ms before timing out
feb. 14, 2022 4:46:53 P. M. com.mongodb.diagnostics.logging.JULLogger log
INFO: Monitor thread successfully connected to server with description ServerDescription{address=cluster0-shard-00-00.rac7v.mongodb.net:27017, type=REPLICA_SET_SECONDARY, state=CONNECTED, ok=true, version=ServerVersion{versionList=[4, 4, 12]}, minWireVersion=0, maxWireVersion=9, maxDocumentSize=16777216, logicalSessionTimeoutMinutes=30, roundTripTimeNanos=88175000, setName='atlas-asx38u-shard-0', canonicalAddress=cluster0-shard-00-00.rac7v.mongodb.net:27017, hosts=[cluster0-shard-00-01.rac7v.mongodb.net:27017, cluster0-shard-00-00.rac7v.mongodb.net:27017, cluster0-shard-00-02.rac7v.mongodb.net:27017], passives=[], arbiters=[], primary='cluster0-shard-00-01.rac7v.mongodb.net:27017', tagSet=TagSet{[Tag{name='nodeType', value='ELECTABLE'}, Tag{name='provider', value='AWS'}, Tag{name='region', value='US_EAST_1'}, Tag{name='workloadType', value='OPERATIONAL'}]}, electionId=null, setVersion=9, lastWriteDate=Mon Feb 14 16:46:53 ECT 2022, lastUpdateTimeNanos=103378215282100}
feb. 14, 2022 4:46:53 P. M. com.mongodb.diagnostics.logging.JULLogger log
INFO: Setting max election id to 7fffffff000000000000013a from replica set primary cluster0-shard-00-01.rac7v.mongodb.net:27017
feb. 14, 2022 4:46:53 P. M. com.mongodb.diagnostics.logging.JULLogger log
INFO: Setting max election id to 7fffffff000000000000013a from replica set primary cluster0-shard-00-01.rac7v.mongodb.net:27017
feb. 14, 2022 4:46:53 P. M. com.mongodb.diagnostics.logging.JULLogger log
INFO: Setting max set version to 9 from replica set primary cluster0-shard-00-01.rac7v.mongodb.net:27017
feb. 14, 2022 4:46:53 P. M. com.mongodb.diagnostics.logging.JULLogger log
INFO: Setting max set version to 9 from replica set primary cluster0-shard-00-01.rac7v.mongodb.net:27017
feb. 14, 2022 4:46:53 P. M. com.mongodb.diagnostics.logging.JULLogger log
INFO: Discovered replica set primary cluster0-shard-00-01.rac7v.mongodb.net:27017
feb. 14, 2022 4:46:53 P. M. com.mongodb.diagnostics.logging.JULLogger log
INFO: Discovered replica set primary cluster0-shard-00-01.rac7v.mongodb.net:27017
feb. 14, 2022 4:46:54 P. M. com.mongodb.diagnostics.logging.JULLogger log
INFO: Opened connection [connectionId{localValue:7, serverValue:590434}] to cluster0-shard-00-01.rac7v.mongodb.net:27017
feb. 14, 2022 4:46:54 P. M. com.mongodb.diagnostics.logging.JULLogger log
INFO: Cluster created with settings {hosts=[127.0.0.1:27017], srvHost=cluster0.rac7v.mongodb.net, mode=MULTIPLE, requiredClusterType=REPLICA_SET, serverSelectionTimeout='30000 ms', maxWaitQueueSize=500, requiredReplicaSetName='atlas-asx38u-shard-0'}
feb. 14, 2022 4:46:54 P. M. com.mongodb.diagnostics.logging.JULLogger log
INFO: Adding discovered server cluster0-shard-00-02.rac7v.mongodb.net:27017 to client view of cluster
feb. 14, 2022 4:46:54 P. M. com.mongodb.diagnostics.logging.JULLogger log
INFO: Adding discovered server cluster0-shard-00-01.rac7v.mongodb.net:27017 to client view of cluster
feb. 14, 2022 4:46:54 P. M. com.mongodb.diagnostics.logging.JULLogger log
INFO: Adding discovered server cluster0-shard-00-00.rac7v.mongodb.net:27017 to client view of cluster
]]></system-err>
</testsuite>
